F:\ATM\ATM\DEBUG\ATM.PCH
F:\ATM\ATM\DEBUG\STDAFX.OBJ
F:\ATM\ATM\DEBUG\VC110.PDB
F:\ATM\ATM\DEBUG\ATM.OBJ
F:\ATM\ATM\DEBUG\ATMMAINMENUUI.OBJ
F:\ATM\ATM\DEBUG\ATMMAINUI.OBJ
F:\ATM\DEBUG\ATM.ILK
F:\ATM\DEBUG\ATM.EXE
F:\ATM\DEBUG\ATM.PDB
F:\ATM\ATM\Debug\stdafx.obj
F:\ATM\ATM\Debug\ATM.obj
F:\ATM\ATM\Debug\ATMMainMenuUI.obj
F:\ATM\ATM\Debug\ATMMainUI.obj
F:\ATM\ATM\Debug\CL.read.1.tlog
F:\ATM\ATM\Debug\CL.write.1.tlog
F:\ATM\ATM\Debug\cl.command.1.tlog
F:\ATM\ATM\Debug\link-rc.read.1.tlog
F:\ATM\ATM\Debug\link-rc.write.1.tlog
F:\ATM\ATM\Debug\link-cvtres.read.1.tlog
F:\ATM\ATM\Debug\link-cvtres.write.1.tlog
F:\ATM\ATM\Debug\link.read.1.tlog
F:\ATM\ATM\Debug\link.write.1.tlog
F:\ATM\ATM\Debug\link.command.1.tlog
F:\ATM\ATM\Debug\ATM.pch
F:\ATM\ATM\Debug\vc110.idb
F:\ATM\ATM\Debug\vc110.pdb
F:\ATM\Debug\ATM.pdb
F:\ATM\Debug\ATM.exe
F:\ATM\Debug\ATM.ilk
